
> react-portfolio-by-lovro-music@2.0.3 predev
> node npm/generate-machine-cv.js


> react-portfolio-by-lovro-music@2.0.3 dev
> vite --host 127.0.0.1 --port 5173

Port 5173 is in use, trying another one...
Port 5174 is in use, trying another one...
Port 5175 is in use, trying another one...

  [32m[1mVITE[22m v6.4.2[39m  [2mready in [0m[1m252[22m[2m[0m ms[22m

  [32m➜[39m  [1mLocal[22m:   [36mhttp://127.0.0.1:[1m5176[22m/[39m
[2m16:05:04[22m [36m[1m[vite][22m[39m [90m[2m(client)[22m[39m [32mpage reload [39m[2mpublic/generated/machine-cv-head.html[22m
[2m16:05:04[22m [36m[1m[vite][22m[39m [90m[2m(client)[22m[39m [32mpage reload [39m[2mpublic/generated/machine-cv-body.html[22m
[2m16:05:04[22m [36m[1m[vite][22m[39m [90m[2m(client)[22m[39m [32mpage reload [39m[2mpublic/cv/index.html[22m
[2m16:05:15[22m [36m[1m[vite][22m[39m [90m[2m(client)[22m[39m [32mpage reload [39m[2mtmp/chrome-art-profile/Default/Extensions/ghbmnnjooekpmoecnnnilnnbdlolhkhi/1.104.1_0/offscreendocument.html[22m
[2m16:05:15[22m [36m[1m[vite][22m[39m [90m[2m(client)[22m[39m [32mpage reload [39m[2mtmp/chrome-art-profile/Default/Extensions/nmmhkkegccagdldgiimedpiccmgmieda/1.0.0.6_0/html/craw_window.html[22m
[2m16:05:28[22m [36m[1m[vite][22m[39m [90m[2m(client)[22m[39m [32mpage reload [39m[2mtmp/chrome-art-profile-2/Default/Extensions/ghbmnnjooekpmoecnnnilnnbdlolhkhi/1.104.1_0/offscreendocument.html[22m
[2m16:05:29[22m [36m[1m[vite][22m[39m [90m[2m(client)[22m[39m [32mpage reload [39m[2mtmp/chrome-art-profile-2/Default/Extensions/nmmhkkegccagdldgiimedpiccmgmieda/1.0.0.6_0/html/craw_window.html[22m
[2m16:05:40[22m [36m[1m[vite][22m[39m [90m[2m(client)[22m[39m [32mpage reload [39m[2mtmp/chrome-art-profile-3/Default/Extensions/ghbmnnjooekpmoecnnnilnnbdlolhkhi/1.104.1_0/offscreendocument.html[22m
[2m16:05:40[22m [36m[1m[vite][22m[39m [90m[2m(client)[22m[39m [32mpage reload [39m[2mtmp/chrome-art-profile-3/Default/Extensions/nmmhkkegccagdldgiimedpiccmgmieda/1.0.0.6_0/html/craw_window.html[22m
[2m16:06:01[22m [36m[1m[vite][22m[39m [90m[2m(client)[22m[39m [32mpage reload [39m[2mtmp/chrome-art-profile-4/Default/Extensions/nmmhkkegccagdldgiimedpiccmgmieda/1.0.0.6_0/html/craw_window.html[22m
[2m16:06:01[22m [36m[1m[vite][22m[39m [90m[2m(client)[22m[39m [32mpage reload [39m[2mtmp/chrome-art-profile-4/Default/Extensions/ghbmnnjooekpmoecnnnilnnbdlolhkhi/1.104.1_0/offscreendocument.html[22m
[2m16:06:36[22m [36m[1m[vite][22m[39m [90m[2m(client)[22m[39m [32mpage reload [39m[2mtmp/chrome-art-profile-mobile/Default/Extensions/nmmhkkegccagdldgiimedpiccmgmieda/1.0.0.6_0/html/craw_window.html[22m
[2m16:06:37[22m [36m[1m[vite][22m[39m [90m[2m(client)[22m[39m [32mpage reload [39m[2mtmp/chrome-art-profile-mobile/Default/Extensions/ghbmnnjooekpmoecnnnilnnbdlolhkhi/1.104.1_0/offscreendocument.html[22m
[2m16:07:18[22m [36m[1m[vite][22m[39m [90m[2m(client)[22m[39m [32mpage reload [39m[2mtmp/chrome-art-profile/Default/Extensions/ghbmnnjooekpmoecnnnilnnbdlolhkhi/1.104.1_0/offscreendocument.html[22m
[2m16:07:18[22m [36m[1m[vite][22m[39m [90m[2m(client)[22m[39m [32mpage reload [39m[2mtmp/chrome-art-profile/Default/Extensions/nmmhkkegccagdldgiimedpiccmgmieda/1.0.0.6_0/html/craw_window.html[22m
[2m16:07:19[22m [36m[1m[vite][22m[39m [90m[2m(client)[22m[39m [32mpage reload [39m[2mtmp/chrome-art-profile-2/Default/Extensions/ghbmnnjooekpmoecnnnilnnbdlolhkhi/1.104.1_0/offscreendocument.html[22m
[2m16:07:19[22m [36m[1m[vite][22m[39m [90m[2m(client)[22m[39m [32mpage reload [39m[2mtmp/chrome-art-profile-2/Default/Extensions/nmmhkkegccagdldgiimedpiccmgmieda/1.0.0.6_0/html/craw_window.html[22m
[2m16:07:20[22m [36m[1m[vite][22m[39m [90m[2m(client)[22m[39m [32mpage reload [39m[2mtmp/chrome-art-profile-3/Default/Extensions/ghbmnnjooekpmoecnnnilnnbdlolhkhi/1.104.1_0/offscreendocument.html[22m
[2m16:07:20[22m [36m[1m[vite][22m[39m [90m[2m(client)[22m[39m [32mpage reload [39m[2mtmp/chrome-art-profile-3/Default/Extensions/nmmhkkegccagdldgiimedpiccmgmieda/1.0.0.6_0/html/craw_window.html[22m
[2m16:07:20[22m [36m[1m[vite][22m[39m [90m[2m(client)[22m[39m [32mpage reload [39m[2mtmp/chrome-art-profile-4/Default/Extensions/ghbmnnjooekpmoecnnnilnnbdlolhkhi/1.104.1_0/offscreendocument.html[22m
[2m16:07:20[22m [36m[1m[vite][22m[39m [90m[2m(client)[22m[39m [32mpage reload [39m[2mtmp/chrome-art-profile-4/Default/Extensions/nmmhkkegccagdldgiimedpiccmgmieda/1.0.0.6_0/html/craw_window.html[22m
[2m16:07:20[22m [36m[1m[vite][22m[39m [90m[2m(client)[22m[39m [32mpage reload [39m[2mtmp/chrome-art-profile-mobile/Default/Extensions/ghbmnnjooekpmoecnnnilnnbdlolhkhi/1.104.1_0/offscreendocument.html[22m
[2m16:07:21[22m [36m[1m[vite][22m[39m [90m[2m(client)[22m[39m [32mpage reload [39m[2mtmp/chrome-art-profile-mobile/Default/Extensions/nmmhkkegccagdldgiimedpiccmgmieda/1.0.0.6_0/html/craw_window.html[22m
[2m16:07:25[22m [36m[1m[vite][22m[39m [90m[2m(client)[22m[39m [32mhmr update [39m[2m/src/components/sections/Section.scss[22m
[2m16:07:41[22m [36m[1m[vite][22m[39m [90m[2m(client)[22m[39m [32mhmr update [39m[2m/src/styles/app.scss[22m
[2m16:07:54[22m [36m[1m[vite][22m[39m [90m[2m(client)[22m[39m [32mpage reload [39m[2mpublic/generated/machine-cv-head.html[22m
[2m16:07:54[22m [36m[1m[vite][22m[39m [90m[2m(client)[22m[39m [32mpage reload [39m[2mpublic/generated/machine-cv-body.html[22m
[2m16:07:54[22m [36m[1m[vite][22m[39m [90m[2m(client)[22m[39m [32mpage reload [39m[2mpublic/cv/index.html[22m
[2m23:14:04[22m [36m[1m[vite][22m[39m [90m[2m(client)[22m[39m [32mhmr update [39m[2m/src/components/articles/ArticleWebArt.jsx[22m
[2m23:14:09[22m [36m[1m[vite][22m[39m [90m[2m(client)[22m[39m [32mhmr update [39m[2m/src/components/articles/ArticleWebArt.scss[22m
[2m23:14:15[22m [36m[1m[vite][22m[39m [90m[2m(client)[22m[39m [32mpage reload [39m[2mpublic/generated/machine-cv-head.html[22m
[2m23:14:15[22m [36m[1m[vite][22m[39m [90m[2m(client)[22m[39m [32mpage reload [39m[2mpublic/generated/machine-cv-body.html[22m
[2m23:14:15[22m [36m[1m[vite][22m[39m [90m[2m(client)[22m[39m [32mpage reload [39m[2mpublic/cv/index.html[22m
[2m23:15:21[22m [36m[1m[vite][22m[39m [90m[2m(client)[22m[39m [32mpage reload [39m[2mpublic/generated/machine-cv-head.html[22m
[2m23:15:21[22m [36m[1m[vite][22m[39m [90m[2m(client)[22m[39m [32mpage reload [39m[2mpublic/generated/machine-cv-body.html[22m
[2m23:15:21[22m [36m[1m[vite][22m[39m [90m[2m(client)[22m[39m [32mpage reload [39m[2mpublic/cv/index.html[22m
[2m23:21:45[22m [36m[1m[vite][22m[39m [90m[2m(client)[22m[39m [32mhmr update [39m[2m/src/components/articles/ArticleWebArt.jsx[22m
[2m23:22:05[22m [36m[1m[vite][22m[39m [90m[2m(client)[22m[39m [32mhmr update [39m[2m/src/components/articles/ArticleWebArt.jsx[22m
[2m23:22:39[22m [36m[1m[vite][22m[39m [90m[2m(client)[22m[39m [32mhmr update [39m[2m/src/components/articles/ArticleWebArt.scss[22m
[2m23:22:41[22m [36m[1m[vite][22m[39m [90m[2m(client)[22m[39m [32mpage reload [39m[2mpublic/generated/machine-cv-head.html[22m
[2m23:22:41[22m [36m[1m[vite][22m[39m [90m[2m(client)[22m[39m [32mpage reload [39m[2mpublic/generated/machine-cv-body.html[22m
[2m23:22:41[22m [36m[1m[vite][22m[39m [90m[2m(client)[22m[39m [32mpage reload [39m[2mpublic/cv/index.html[22m
[2m23:25:04[22m [36m[1m[vite][22m[39m [90m[2m(client)[22m[39m [32mhmr update [39m[2m/src/components/articles/ArticleWebArt.scss[22m
[2m23:25:07[22m [36m[1m[vite][22m[39m [90m[2m(client)[22m[39m [32mpage reload [39m[2mpublic/generated/machine-cv-head.html[22m
[2m23:25:07[22m [36m[1m[vite][22m[39m [90m[2m(client)[22m[39m [32mpage reload [39m[2mpublic/generated/machine-cv-body.html[22m
[2m23:25:07[22m [36m[1m[vite][22m[39m [90m[2m(client)[22m[39m [32mpage reload [39m[2mpublic/cv/index.html[22m
[2m23:32:43[22m [36m[1m[vite][22m[39m [90m[2m(client)[22m[39m [32mhmr update [39m[2m/src/components/sections/Section.scss[22m
[2m23:32:58[22m [36m[1m[vite][22m[39m [90m[2m(client)[22m[39m [32mhmr update [39m[2m/src/styles/app.scss[22m
[2m23:33:02[22m [36m[1m[vite][22m[39m [90m[2m(client)[22m[39m [32mpage reload [39m[2mpublic/generated/machine-cv-head.html[22m
[2m23:33:02[22m [36m[1m[vite][22m[39m [90m[2m(client)[22m[39m [32mpage reload [39m[2mpublic/generated/machine-cv-body.html[22m
[2m23:33:02[22m [36m[1m[vite][22m[39m [90m[2m(client)[22m[39m [32mpage reload [39m[2mpublic/cv/index.html[22m
[2m23:36:40[22m [36m[1m[vite][22m[39m [90m[2m(client)[22m[39m [32mhmr update [39m[2m/src/components/articles/partials/ArticleItemInfoForTimelines.scss[22m
[2m23:36:48[22m [36m[1m[vite][22m[39m [90m[2m(client)[22m[39m [32mpage reload [39m[2mpublic/generated/machine-cv-head.html[22m
[2m23:36:48[22m [36m[1m[vite][22m[39m [90m[2m(client)[22m[39m [32mpage reload [39m[2mpublic/generated/machine-cv-body.html[22m
[2m23:36:48[22m [36m[1m[vite][22m[39m [90m[2m(client)[22m[39m [32mpage reload [39m[2mpublic/cv/index.html[22m
